{
  "RSpec": {
    "coverage": {
      "/Users/kristastadler/turing/3module/projects/rails_engine/app/models/customer.rb": {
        "lines": [
          1,
          1,
          null
        ]
      },
      "/Users/kristastadler/turing/3module/projects/rails_engine/app/models/application_record.rb": {
        "lines": [
          1,
          1,
          null
        ]
      },
      "/Users/kristastadler/turing/3module/projects/rails_engine/app/models/invoice_item.rb": {
        "lines": [
          1,
          1,
          1,
          null,
          null
        ]
      },
      "/Users/kristastadler/turing/3module/projects/rails_engine/app/models/invoice.rb": {
        "lines": [
          1,
          1,
          1,
          1,
          1,
          1,
          null,
          null
        ]
      },
      "/Users/kristastadler/turing/3module/projects/rails_engine/app/models/item.rb": {
        "lines": [
          1,
          1,
          1,
          1,
          5,
          5,
          1,
          1,
          1,
          3,
          null,
          null
        ]
      },
      "/Users/kristastadler/turing/3module/projects/rails_engine/app/models/merchant.rb": {
        "lines": [
          1,
          1,
          1,
          1,
          1,
          null,
          4,
          1,
          1,
          null,
          1,
          null,
          null,
          null,
          null,
          null,
          1,
          null,
          null,
          1,
          null,
          null,
          null,
          null,
          null,
          1,
          null,
          null,
          1,
          1,
          null,
          null,
          null,
          null,
          1,
          null,
          null
        ]
      },
      "/Users/kristastadler/turing/3module/projects/rails_engine/app/models/transaction.rb": {
        "lines": [
          1,
          1,
          null
        ]
      },
      "/Users/kristastadler/turing/3module/projects/rails_engine/app/controllers/api/v1/merchants/search_controller.rb": {
        "lines": [
          1,
          1,
          1,
          1,
          1,
          null,
          null,
          1,
          2,
          2,
          null,
          null,
          1,
          1,
          1,
          null,
          null,
          1,
          1,
          1,
          null,
          null,
          1,
          1,
          1,
          null,
          null,
          null,
          null,
          null,
          null,
          null,
          1,
          null,
          null,
          null,
          1,
          null,
          1,
          3,
          null,
          null,
          1,
          3,
          3,
          3,
          null,
          null,
          null
        ]
      },
      "/Users/kristastadler/turing/3module/projects/rails_engine/app/controllers/application_controller.rb": {
        "lines": [
          1,
          null
        ]
      },
      "/Users/kristastadler/turing/3module/projects/rails_engine/app/serializers/merchant_serializer.rb": {
        "lines": [
          1,
          1,
          1,
          1,
          null
        ]
      },
      "/Users/kristastadler/turing/3module/projects/rails_engine/app/controllers/api/v1/items_controller.rb": {
        "lines": [
          1,
          1,
          1,
          null,
          null,
          1,
          1,
          null,
          null,
          1,
          1,
          1,
          null,
          null,
          1,
          1,
          1,
          1,
          null,
          null,
          1,
          1,
          1,
          1,
          null,
          null,
          1,
          null,
          1,
          2,
          null,
          null,
          null
        ]
      },
      "/Users/kristastadler/turing/3module/projects/rails_engine/app/serializers/item_serializer.rb": {
        "lines": [
          1,
          1,
          1,
          1,
          null
        ]
      },
      "/Users/kristastadler/turing/3module/projects/rails_engine/app/controllers/api/v1/merchants_controller.rb": {
        "lines": [
          1,
          1,
          1,
          null,
          null,
          1,
          1,
          null,
          null,
          1,
          1,
          1,
          null,
          null,
          1,
          1,
          1,
          1,
          null,
          null,
          1,
          1,
          1,
          1,
          null,
          null,
          1,
          null,
          1,
          2,
          null,
          null,
          null
        ]
      },
      "/Users/kristastadler/turing/3module/projects/rails_engine/app/controllers/api/v1/items/search_controller.rb": {
        "lines": [
          1,
          1,
          4,
          4,
          4,
          null,
          null,
          1,
          4,
          4,
          null,
          null,
          1,
          null,
          1,
          8,
          null,
          null,
          1,
          8,
          8,
          10,
          null,
          null,
          null,
          null
        ]
      },
      "/Users/kristastadler/turing/3module/projects/rails_engine/app/controllers/api/v1/merchant_items_controller.rb": {
        "lines": [
          1,
          1,
          1,
          1,
          1,
          null,
          null,
          1,
          1,
          1,
          null,
          null
        ]
      }
    },
    "timestamp": 1590027545
  }
}
